[Supervisor] Starting up...
[Supervisor] Launched 'sleep 10' → PID 6049
[Supervisor] Launched 'false' → PID 6051
[Supervisor] Launched 'sleep 4' → PID 6052
[Supervisor] Launched 'ls -la' → PID 6053
[Supervisor] All tasks launched. Monitoring...
[Supervisor] PID 6051 ('false') exited with error code 1
[Supervisor] Restarting 'false' (attempt 1/3)...

[Supervisor] ══ Status ═══════════════════════════
  PID 6054 | false | Running | 832 KB
  PID 6053 | ls | Running | 2040 KB
  PID 6052 | sleep | Sleeping | 2192 KB
  PID 6049 | sleep | Sleeping | 2192 KB
[Supervisor] ══════════════════════════════════════
[Supervisor] PID 6054 ('false') exited with error code 1
[Supervisor] Restarting 'false' (attempt 2/3)...
[Supervisor] PID 6053 ('ls') completed successfully.

[Supervisor] ══ Status ═══════════════════════════
  PID 6055 | false | Running | 832 KB
  PID 6052 | sleep | Sleeping | 2192 KB
  PID 6049 | sleep | Sleeping | 2192 KB
[Supervisor] ══════════════════════════════════════
[Supervisor] PID 6055 ('false') exited with error code 1
[Supervisor] Restarting 'false' (attempt 3/3)...

[Supervisor] ══ Status ═══════════════════════════
  PID 6056 | false | Running | 832 KB
  PID 6052 | sleep | Sleeping | 2192 KB
  PID 6049 | sleep | Sleeping | 2192 KB
[Supervisor] ══════════════════════════════════════
[Supervisor] PID 6056 ('false') exited with error code 1
[Supervisor] 'false' failed 3 times. Giving up.

[Supervisor] ══ Status ═══════════════════════════
  PID 6052 | sleep | Sleeping | 2192 KB
  PID 6049 | sleep | Sleeping | 2192 KB
[Supervisor] ══════════════════════════════════════

[Supervisor] ══ Status ═══════════════════════════
  PID 6052 | sleep | Sleeping | 2192 KB
  PID 6049 | sleep | Sleeping | 2192 KB
[Supervisor] ══════════════════════════════════════
[Supervisor] PID 6052 ('sleep') completed successfully.

[Supervisor] ══ Status ═══════════════════════════
  PID 6049 | sleep | Sleeping | 2192 KB
[Supervisor] ══════════════════════════════════════

[Supervisor] ══ Status ═══════════════════════════
  PID 6049 | sleep | Sleeping | 2192 KB
[Supervisor] ══════════════════════════════════════

[Supervisor] ══ Status ═══════════════════════════
  PID 6049 | sleep | Sleeping | 2192 KB
[Supervisor] ══════════════════════════════════════
[Supervisor] PID 6049 ('sleep') completed successfully.
[Supervisor] All tasks completed. Shutting down.


//killed manually using pkill supervisor


[Supervisor] Starting up...
[Supervisor] Launched 'sleep 10' → PID 6280
[Supervisor] Launched 'false' → PID 6282
[Supervisor] Launched 'sleep 4' → PID 6283
[Supervisor] Launched 'ls -la' → PID 6284
[Supervisor] All tasks launched. Monitoring...
[Supervisor] PID 6282 ('false') exited with error code 1
[Supervisor] Restarting 'false' (attempt 1/3)...

[Supervisor] ══ Status ═══════════════════════════
  PID 6285 | false | Running | 836 KB
  PID 6284 | ls | Running | 1724 KB
  PID 6283 | sleep | Sleeping | 2192 KB
  PID 6280 | sleep | Sleeping | 2196 KB
[Supervisor] ══════════════════════════════════════
[Supervisor] PID 6284 ('ls') completed successfully.

[Supervisor] ══ Status ═══════════════════════════
[Supervisor] PID 6285 ('false') exited with error code 1
[Supervisor] Restarting 'false' (attempt 2/3)...
  PID 6286 | false | Running | 768 KB
  PID 6283 | sleep | Sleeping | 2192 KB
  PID 6280 | sleep | Sleeping | 2196 KB
[Supervisor] ══════════════════════════════════════
[Supervisor] PID 6286 ('false') exited with error code 1
[Supervisor] Restarting 'false' (attempt 3/3)...

[Supervisor] ══ Status ═══════════════════════════
  PID 6287 | false | Running | 832 KB
  PID 6283 | sleep | Sleeping | 2192 KB
  PID 6280 | sleep | Sleeping | 2196 KB
[Supervisor] ══════════════════════════════════════
[Supervisor] PID 6287 ('false') exited with error code 1
[Supervisor] 'false' failed 3 times. Giving up.

[Supervisor] ══ Status ═══════════════════════════
  PID 6283 | sleep | Sleeping | 2192 KB
  PID 6280 | sleep | Sleeping | 2196 KB
[Supervisor] ══════════════════════════════════════

[Supervisor] Shutting down gracefully...
[Supervisor] PID 6283 ('sleep') was killed by a signal.
[Supervisor] PID 6280 ('sleep') was killed by a signal.
